1777150661.681387 client started (32646): version 3.6a, socket /private/tmp/tmux-503/default, protocol 8
1777150661.681478 on Darwin 25.4.0 Darwin Kernel Version 25.4.0: Thu Mar 19 19:30:44 PDT 2026; root:xnu-12377.101.15~1/RELEASE_ARM64_T6000
1777150661.681490 using libevent 2.1.12-stable select
1777150661.681785 using utf8proc 2.11.3
1777150661.681798 using ncurses 6.5 20240427
1777150661.681815 flags are 0x10010000
1777150661.681821 socket is /private/tmp/tmux-503/default
1777150661.681835 trying connect
1777150661.682283 add peer 0x100a99ba0: 6 (0x0)
1777150661.687590 sending message 111 to peer 0x100a99ba0 (8 bytes)
1777150661.687612 sending message 111 to peer 0x100a99ba0 (8 bytes)
1777150661.687621 sending message 101 to peer 0x100a99ba0 (14 bytes)
1777150661.687628 sending message 109 to peer 0x100a99ba0 (4 bytes)
1777150661.687634 sending message 102 to peer 0x100a99ba0 (13 bytes)
1777150661.687640 sending message 108 to peer 0x100a99ba0 (31 bytes)
1777150661.687645 sending message 112 to peer 0x100a99ba0 (70 bytes)
1777150661.687652 sending message 112 to peer 0x100a99ba0 (5 bytes)
1777150661.687660 sending message 112 to peer 0x100a99ba0 (5 bytes)
1777150661.687667 sending message 112 to peer 0x100a99ba0 (6 bytes)
1777150661.687672 sending message 112 to peer 0x100a99ba0 (6 bytes)
1777150661.687678 sending message 112 to peer 0x100a99ba0 (11 bytes)
1777150661.687683 sending message 112 to peer 0x100a99ba0 (10 bytes)
1777150661.687690 sending message 112 to peer 0x100a99ba0 (13 bytes)
1777150661.687697 sending message 112 to peer 0x100a99ba0 (13 bytes)
1777150661.687702 sending message 112 to peer 0x100a99ba0 (18 bytes)
1777150661.687707 sending message 112 to peer 0x100a99ba0 (11 bytes)
1777150661.687712 sending message 112 to peer 0x100a99ba0 (10 bytes)
1777150661.687717 sending message 112 to peer 0x100a99ba0 (15 bytes)
1777150661.687721 sending message 112 to peer 0x100a99ba0 (21 bytes)
1777150661.687726 sending message 112 to peer 0x100a99ba0 (13 bytes)
1777150661.687731 sending message 112 to peer 0x100a99ba0 (7 bytes)
1777150661.687736 sending message 112 to peer 0x100a99ba0 (13 bytes)
1777150661.687741 sending message 112 to peer 0x100a99ba0 (7 bytes)
1777150661.687746 sending message 112 to peer 0x100a99ba0 (13 bytes)
1777150661.687751 sending message 112 to peer 0x100a99ba0 (9 bytes)
1777150661.687756 sending message 112 to peer 0x100a99ba0 (21 bytes)
1777150661.687760 sending message 112 to peer 0x100a99ba0 (13 bytes)
1777150661.687765 sending message 112 to peer 0x100a99ba0 (8 bytes)
1777150661.687770 sending message 112 to peer 0x100a99ba0 (12 bytes)
1777150661.687775 sending message 112 to peer 0x100a99ba0 (13 bytes)
1777150661.687780 sending message 112 to peer 0x100a99ba0 (9 bytes)
1777150661.687784 sending message 112 to peer 0x100a99ba0 (9 bytes)
1777150661.687789 sending message 112 to peer 0x100a99ba0 (12 bytes)
1777150661.687794 sending message 112 to peer 0x100a99ba0 (8 bytes)
1777150661.687799 sending message 112 to peer 0x100a99ba0 (8 bytes)
1777150661.687803 sending message 112 to peer 0x100a99ba0 (7 bytes)
1777150661.687808 sending message 112 to peer 0x100a99ba0 (7 bytes)
1777150661.687813 sending message 112 to peer 0x100a99ba0 (9 bytes)
1777150661.687818 sending message 112 to peer 0x100a99ba0 (13 bytes)
1777150661.687822 sending message 112 to peer 0x100a99ba0 (6 bytes)
1777150661.687827 sending message 112 to peer 0x100a99ba0 (9 bytes)
1777150661.687832 sending message 112 to peer 0x100a99ba0 (15 bytes)
1777150661.687836 sending message 112 to peer 0x100a99ba0 (13 bytes)
1777150661.687841 sending message 112 to peer 0x100a99ba0 (12 bytes)
1777150661.687846 sending message 112 to peer 0x100a99ba0 (8 bytes)
1777150661.687851 sending message 112 to peer 0x100a99ba0 (14 bytes)
1777150661.687856 sending message 112 to peer 0x100a99ba0 (11 bytes)
1777150661.687860 sending message 112 to peer 0x100a99ba0 (9 bytes)
1777150661.687865 sending message 112 to peer 0x100a99ba0 (10 bytes)
1777150661.687870 sending message 112 to peer 0x100a99ba0 (10 bytes)
1777150661.687875 sending message 112 to peer 0x100a99ba0 (10 bytes)
1777150661.687890 sending message 112 to peer 0x100a99ba0 (10 bytes)
1777150661.687894 sending message 112 to peer 0x100a99ba0 (11 bytes)
1777150661.687898 sending message 112 to peer 0x100a99ba0 (12 bytes)
1777150661.687902 sending message 112 to peer 0x100a99ba0 (12 bytes)
1777150661.687906 sending message 112 to peer 0x100a99ba0 (12 bytes)
1777150661.687910 sending message 112 to peer 0x100a99ba0 (12 bytes)
1777150661.687914 sending message 112 to peer 0x100a99ba0 (12 bytes)
1777150661.687918 sending message 112 to peer 0x100a99ba0 (11 bytes)
1777150661.687922 sending message 112 to peer 0x100a99ba0 (11 bytes)
1777150661.687926 sending message 112 to peer 0x100a99ba0 (12 bytes)
1777150661.687929 sending message 112 to peer 0x100a99ba0 (12 bytes)
1777150661.687933 sending message 112 to peer 0x100a99ba0 (12 bytes)
1777150661.687938 sending message 112 to peer 0x100a99ba0 (12 bytes)
1777150661.687942 sending message 112 to peer 0x100a99ba0 (12 bytes)
1777150661.687946 sending message 112 to peer 0x100a99ba0 (10 bytes)
1777150661.687950 sending message 112 to peer 0x100a99ba0 (12 bytes)
1777150661.687954 sending message 112 to peer 0x100a99ba0 (13 bytes)
1777150661.687958 sending message 112 to peer 0x100a99ba0 (13 bytes)
1777150661.687961 sending message 112 to peer 0x100a99ba0 (13 bytes)
1777150661.687965 sending message 112 to peer 0x100a99ba0 (13 bytes)
1777150661.687969 sending message 112 to peer 0x100a99ba0 (13 bytes)
1777150661.687973 sending message 112 to peer 0x100a99ba0 (8 bytes)
1777150661.687977 sending message 112 to peer 0x100a99ba0 (11 bytes)
1777150661.687981 sending message 112 to peer 0x100a99ba0 (11 bytes)
1777150661.687985 sending message 112 to peer 0x100a99ba0 (11 bytes)
1777150661.687989 sending message 112 to peer 0x100a99ba0 (12 bytes)
1777150661.687992 sending message 112 to peer 0x100a99ba0 (12 bytes)
1777150661.687996 sending message 112 to peer 0x100a99ba0 (12 bytes)
1777150661.688000 sending message 112 to peer 0x100a99ba0 (12 bytes)
1777150661.688004 sending message 112 to peer 0x100a99ba0 (13 bytes)
1777150661.688008 sending message 112 to peer 0x100a99ba0 (13 bytes)
1777150661.688012 sending message 112 to peer 0x100a99ba0 (13 bytes)
1777150661.688015 sending message 112 to peer 0x100a99ba0 (8 bytes)
1777150661.688019 sending message 112 to peer 0x100a99ba0 (13 bytes)
1777150661.688023 sending message 112 to peer 0x100a99ba0 (13 bytes)
1777150661.688026 sending message 112 to peer 0x100a99ba0 (13 bytes)
1777150661.688030 sending message 112 to peer 0x100a99ba0 (13 bytes)
1777150661.688034 sending message 112 to peer 0x100a99ba0 (13 bytes)
1777150661.688038 sending message 112 to peer 0x100a99ba0 (12 bytes)
1777150661.688042 sending message 112 to peer 0x100a99ba0 (12 bytes)
1777150661.688046 sending message 112 to peer 0x100a99ba0 (12 bytes)
1777150661.688049 sending message 112 to peer 0x100a99ba0 (12 bytes)
1777150661.688053 sending message 112 to peer 0x100a99ba0 (13 bytes)
1777150661.688057 sending message 112 to peer 0x100a99ba0 (8 bytes)
1777150661.688061 sending message 112 to peer 0x100a99ba0 (13 bytes)
1777150661.688064 sending message 112 to peer 0x100a99ba0 (13 bytes)
1777150661.688068 sending message 112 to peer 0x100a99ba0 (13 bytes)
1777150661.688072 sending message 112 to peer 0x100a99ba0 (13 bytes)
1777150661.688076 sending message 112 to peer 0x100a99ba0 (13 bytes)
1777150661.688080 sending message 112 to peer 0x100a99ba0 (13 bytes)
1777150661.688083 sending message 112 to peer 0x100a99ba0 (13 bytes)
1777150661.688087 sending message 112 to peer 0x100a99ba0 (12 bytes)
1777150661.688091 sending message 112 to peer 0x100a99ba0 (12 bytes)
1777150661.688095 sending message 112 to peer 0x100a99ba0 (12 bytes)
1777150661.688098 sending message 112 to peer 0x100a99ba0 (8 bytes)
1777150661.688102 sending message 112 to peer 0x100a99ba0 (12 bytes)
1777150661.688106 sending message 112 to peer 0x100a99ba0 (13 bytes)
1777150661.688110 sending message 112 to peer 0x100a99ba0 (13 bytes)
1777150661.688113 sending message 112 to peer 0x100a99ba0 (13 bytes)
1777150661.688123 sending message 112 to peer 0x100a99ba0 (13 bytes)
1777150661.688128 sending message 112 to peer 0x100a99ba0 (13 bytes)
1777150661.688131 sending message 112 to peer 0x100a99ba0 (13 bytes)
1777150661.688135 sending message 112 to peer 0x100a99ba0 (13 bytes)
1777150661.688139 sending message 112 to peer 0x100a99ba0 (13 bytes)
1777150661.688143 sending message 112 to peer 0x100a99ba0 (12 bytes)
1777150661.688146 sending message 112 to peer 0x100a99ba0 (10 bytes)
1777150661.688150 sending message 112 to peer 0x100a99ba0 (12 bytes)
1777150661.688154 sending message 112 to peer 0x100a99ba0 (12 bytes)
1777150661.688158 sending message 112 to peer 0x100a99ba0 (12 bytes)
1777150661.688162 sending message 112 to peer 0x100a99ba0 (13 bytes)
1777150661.688165 sending message 112 to peer 0x100a99ba0 (13 bytes)
1777150661.688169 sending message 112 to peer 0x100a99ba0 (13 bytes)
1777150661.688173 sending message 112 to peer 0x100a99ba0 (13 bytes)
1777150661.688177 sending message 112 to peer 0x100a99ba0 (13 bytes)
1777150661.688180 sending message 112 to peer 0x100a99ba0 (13 bytes)
1777150661.688184 sending message 112 to peer 0x100a99ba0 (13 bytes)
1777150661.688188 sending message 112 to peer 0x100a99ba0 (10 bytes)
1777150661.688192 sending message 112 to peer 0x100a99ba0 (13 bytes)
1777150661.688196 sending message 112 to peer 0x100a99ba0 (12 bytes)
1777150661.688199 sending message 112 to peer 0x100a99ba0 (12 bytes)
1777150661.688204 sending message 112 to peer 0x100a99ba0 (12 bytes)
1777150661.688207 sending message 112 to peer 0x100a99ba0 (10 bytes)
1777150661.688211 sending message 112 to peer 0x100a99ba0 (10 bytes)
1777150661.688215 sending message 112 to peer 0x100a99ba0 (10 bytes)
1777150661.688219 sending message 112 to peer 0x100a99ba0 (12 bytes)
1777150661.688223 sending message 112 to peer 0x100a99ba0 (13 bytes)
1777150661.688227 sending message 112 to peer 0x100a99ba0 (13 bytes)
1777150661.688231 sending message 112 to peer 0x100a99ba0 (13 bytes)
1777150661.688234 sending message 112 to peer 0x100a99ba0 (13 bytes)
1777150661.688238 sending message 112 to peer 0x100a99ba0 (13 bytes)
1777150661.688242 sending message 112 to peer 0x100a99ba0 (11 bytes)
1777150661.688246 sending message 112 to peer 0x100a99ba0 (11 bytes)
1777150661.688250 sending message 112 to peer 0x100a99ba0 (12 bytes)
1777150661.688254 sending message 112 to peer 0x100a99ba0 (12 bytes)
1777150661.688258 sending message 112 to peer 0x100a99ba0 (12 bytes)
1777150661.688261 sending message 112 to peer 0x100a99ba0 (12 bytes)
1777150661.688265 sending message 112 to peer 0x100a99ba0 (12 bytes)
1777150661.688269 sending message 112 to peer 0x100a99ba0 (11 bytes)
1777150661.688273 sending message 112 to peer 0x100a99ba0 (12 bytes)
1777150661.688276 sending message 112 to peer 0x100a99ba0 (12 bytes)
1777150661.688280 sending message 112 to peer 0x100a99ba0 (13 bytes)
1777150661.688284 sending message 112 to peer 0x100a99ba0 (13 bytes)
1777150661.688287 sending message 112 to peer 0x100a99ba0 (13 bytes)
1777150661.688291 sending message 112 to peer 0x100a99ba0 (13 bytes)
1777150661.688295 sending message 112 to peer 0x100a99ba0 (13 bytes)
1777150661.688299 sending message 112 to peer 0x100a99ba0 (10 bytes)
1777150661.688303 sending message 112 to peer 0x100a99ba0 (9 bytes)
1777150661.688306 sending message 112 to peer 0x100a99ba0 (12 bytes)
1777150661.688310 sending message 112 to peer 0x100a99ba0 (13 bytes)
1777150661.688314 sending message 112 to peer 0x100a99ba0 (13 bytes)
1777150661.688318 sending message 112 to peer 0x100a99ba0 (13 bytes)
1777150661.688322 sending message 112 to peer 0x100a99ba0 (13 bytes)
1777150661.688325 sending message 112 to peer 0x100a99ba0 (13 bytes)
1777150661.688329 sending message 112 to peer 0x100a99ba0 (9 bytes)
1777150661.688333 sending message 112 to peer 0x100a99ba0 (12 bytes)
1777150661.688337 sending message 112 to peer 0x100a99ba0 (13 bytes)
1777150661.688341 sending message 112 to peer 0x100a99ba0 (13 bytes)
1777150661.688344 sending message 112 to peer 0x100a99ba0 (13 bytes)
1777150661.688348 sending message 112 to peer 0x100a99ba0 (13 bytes)
1777150661.688356 sending message 112 to peer 0x100a99ba0 (13 bytes)
1777150661.688360 sending message 112 to peer 0x100a99ba0 (11 bytes)
1777150661.688364 sending message 112 to peer 0x100a99ba0 (12 bytes)
1777150661.688368 sending message 112 to peer 0x100a99ba0 (13 bytes)
1777150661.688372 sending message 112 to peer 0x100a99ba0 (13 bytes)
1777150661.688375 sending message 112 to peer 0x100a99ba0 (13 bytes)
1777150661.688379 sending message 112 to peer 0x100a99ba0 (13 bytes)
1777150661.688383 sending message 112 to peer 0x100a99ba0 (13 bytes)
1777150661.688387 sending message 112 to peer 0x100a99ba0 (11 bytes)
1777150661.688391 sending message 112 to peer 0x100a99ba0 (12 bytes)
1777150661.688395 sending message 112 to peer 0x100a99ba0 (12 bytes)
1777150661.688399 sending message 112 to peer 0x100a99ba0 (12 bytes)
1777150661.688402 sending message 112 to peer 0x100a99ba0 (12 bytes)
1777150661.688407 sending message 112 to peer 0x100a99ba0 (12 bytes)
1777150661.688410 sending message 112 to peer 0x100a99ba0 (21 bytes)
1777150661.688414 sending message 112 to peer 0x100a99ba0 (12 bytes)
1777150661.688418 sending message 112 to peer 0x100a99ba0 (9 bytes)
1777150661.688422 sending message 112 to peer 0x100a99ba0 (6 bytes)
1777150661.688426 sending message 112 to peer 0x100a99ba0 (13 bytes)
1777150661.688430 sending message 112 to peer 0x100a99ba0 (8 bytes)
1777150661.688434 sending message 112 to peer 0x100a99ba0 (15 bytes)
1777150661.688438 sending message 112 to peer 0x100a99ba0 (13 bytes)
1777150661.688442 sending message 112 to peer 0x100a99ba0 (9 bytes)
1777150661.688446 sending message 112 to peer 0x100a99ba0 (70 bytes)
1777150661.688450 sending message 112 to peer 0x100a99ba0 (69 bytes)
1777150661.688454 sending message 112 to peer 0x100a99ba0 (10 bytes)
1777150661.688457 sending message 112 to peer 0x100a99ba0 (10 bytes)
1777150661.688461 sending message 112 to peer 0x100a99ba0 (8 bytes)
1777150661.688465 sending message 112 to peer 0x100a99ba0 (15 bytes)
1777150661.688469 sending message 112 to peer 0x100a99ba0 (13 bytes)
1777150661.688473 sending message 112 to peer 0x100a99ba0 (10 bytes)
1777150661.688476 sending message 112 to peer 0x100a99ba0 (10 bytes)
1777150661.688480 sending message 112 to peer 0x100a99ba0 (17 bytes)
1777150661.688484 sending message 112 to peer 0x100a99ba0 (10 bytes)
1777150661.688488 sending message 112 to peer 0x100a99ba0 (13 bytes)
1777150661.688492 sending message 112 to peer 0x100a99ba0 (9 bytes)
1777150661.688496 sending message 112 to peer 0x100a99ba0 (5 bytes)
1777150661.688500 sending message 112 to peer 0x100a99ba0 (15 bytes)
1777150661.688506 sending message 104 to peer 0x100a99ba0 (0 bytes)
1777150661.688512 sending message 110 to peer 0x100a99ba0 (0 bytes)
1777150661.688515 sending message 107 to peer 0x100a99ba0 (4 bytes)
1777150661.688519 sending message 105 to peer 0x100a99ba0 (50 bytes)
1777150661.688523 sending message 105 to peer 0x100a99ba0 (47 bytes)
1777150661.688527 sending message 105 to peer 0x100a99ba0 (45 bytes)
1777150661.688531 sending message 105 to peer 0x100a99ba0 (21 bytes)
1777150661.688535 sending message 105 to peer 0x100a99ba0 (20 bytes)
1777150661.688538 sending message 105 to peer 0x100a99ba0 (22 bytes)
1777150661.688542 sending message 105 to peer 0x100a99ba0 (58 bytes)
1777150661.688546 sending message 105 to peer 0x100a99ba0 (46 bytes)
1777150661.688550 sending message 105 to peer 0x100a99ba0 (27 bytes)
1777150661.688554 sending message 105 to peer 0x100a99ba0 (46 bytes)
1777150661.688557 sending message 105 to peer 0x100a99ba0 (18 bytes)
1777150661.688561 sending message 105 to peer 0x100a99ba0 (90 bytes)
1777150661.688565 sending message 105 to peer 0x100a99ba0 (45 bytes)
1777150661.688569 sending message 105 to peer 0x100a99ba0 (25 bytes)
1777150661.688573 sending message 105 to peer 0x100a99ba0 (32 bytes)
1777150661.688577 sending message 105 to peer 0x100a99ba0 (26 bytes)
1777150661.688580 sending message 105 to peer 0x100a99ba0 (33 bytes)
1777150661.688585 sending message 105 to peer 0x100a99ba0 (19 bytes)
1777150661.688596 sending message 105 to peer 0x100a99ba0 (17 bytes)
1777150661.688600 sending message 105 to peer 0x100a99ba0 (17 bytes)
1777150661.688604 sending message 105 to peer 0x100a99ba0 (22 bytes)
1777150661.688607 sending message 105 to peer 0x100a99ba0 (19 bytes)
1777150661.688611 sending message 105 to peer 0x100a99ba0 (28 bytes)
1777150661.688615 sending message 105 to peer 0x100a99ba0 (18 bytes)
1777150661.688619 sending message 105 to peer 0x100a99ba0 (219 bytes)
1777150661.688623 sending message 105 to peer 0x100a99ba0 (18 bytes)
1777150661.688627 sending message 105 to peer 0x100a99ba0 (41 bytes)
1777150661.688631 sending message 105 to peer 0x100a99ba0 (35 bytes)
1777150661.688634 sending message 105 to peer 0x100a99ba0 (27 bytes)
1777150661.688638 sending message 105 to peer 0x100a99ba0 (8 bytes)
1777150661.688642 sending message 105 to peer 0x100a99ba0 (62 bytes)
1777150661.688646 sending message 105 to peer 0x100a99ba0 (38 bytes)
1777150661.688650 sending message 105 to peer 0x100a99ba0 (18 bytes)
1777150661.688654 sending message 105 to peer 0x100a99ba0 (19 bytes)
1777150661.688657 sending message 105 to peer 0x100a99ba0 (18 bytes)
1777150661.688661 sending message 105 to peer 0x100a99ba0 (26 bytes)
1777150661.688665 sending message 105 to peer 0x100a99ba0 (57 bytes)
1777150661.688669 sending message 105 to peer 0x100a99ba0 (43 bytes)
1777150661.688673 sending message 105 to peer 0x100a99ba0 (14 bytes)
1777150661.688677 sending message 105 to peer 0x100a99ba0 (61 bytes)
1777150661.688680 sending message 105 to peer 0x100a99ba0 (32 bytes)
1777150661.688684 sending message 105 to peer 0x100a99ba0 (38 bytes)
1777150661.688688 sending message 105 to peer 0x100a99ba0 (19 bytes)
1777150661.688692 sending message 105 to peer 0x100a99ba0 (56 bytes)
1777150661.688696 sending message 105 to peer 0x100a99ba0 (69 bytes)
1777150661.688699 sending message 105 to peer 0x100a99ba0 (72 bytes)
1777150661.688703 sending message 105 to peer 0x100a99ba0 (64 bytes)
1777150661.688707 sending message 105 to peer 0x100a99ba0 (15 bytes)
1777150661.688711 sending message 105 to peer 0x100a99ba0 (77 bytes)
1777150661.688715 sending message 105 to peer 0x100a99ba0 (45 bytes)
1777150661.688718 sending message 105 to peer 0x100a99ba0 (14 bytes)
1777150661.688722 sending message 105 to peer 0x100a99ba0 (72 bytes)
1777150661.688726 sending message 105 to peer 0x100a99ba0 (44 bytes)
1777150661.688730 sending message 105 to peer 0x100a99ba0 (38 bytes)
1777150661.688733 sending message 106 to peer 0x100a99ba0 (0 bytes)
1777150661.688826 sending message 200 to peer 0x100a99ba0 (4 bytes)
1777150661.688833 client loop enter
1777150661.689205 peer 0x100a99ba0 message 303
1777150661.689214 open write file 2 -
1777150661.689238 sending message 305 to peer 0x100a99ba0 (8 bytes)
1777150661.689249 write check file 2
1777150661.689279 peer 0x100a99ba0 message 304
1777150661.689284 write 58 to file 2
1777150661.689289 peer 0x100a99ba0 message 203
1777150661.689293 file 2 58 bytes left
1777150661.689310 write check file 2
1777150661.689314 client loop exit
